f:\清华\大二上\数据结构\大作业1：贪吃蛇\greedysnake\greedysnake\debug\greedysnake.pch
f:\清华\大二上\数据结构\大作业1：贪吃蛇\greedysnake\greedysnake\debug\vc141.pdb
f:\清华\大二上\数据结构\大作业1：贪吃蛇\greedysnake\greedysnake\debug\vc141.idb
f:\清华\大二上\数据结构\大作业1：贪吃蛇\greedysnake\greedysnake\debug\stdafx.obj
f:\清华\大二上\数据结构\大作业1：贪吃蛇\greedysnake\greedysnake\debug\autodialog.obj
f:\清华\大二上\数据结构\大作业1：贪吃蛇\greedysnake\greedysnake\debug\function.obj
f:\清华\大二上\数据结构\大作业1：贪吃蛇\greedysnake\greedysnake\debug\greedysnake.obj
f:\清华\大二上\数据结构\大作业1：贪吃蛇\greedysnake\greedysnake\debug\greedysnakedlg.obj
f:\清华\大二上\数据结构\大作业1：贪吃蛇\greedysnake\greedysnake\debug\playdialog.obj
f:\清华\大二上\数据结构\大作业1：贪吃蛇\greedysnake\greedysnake\debug\setdialog.obj
f:\清华\大二上\数据结构\大作业1：贪吃蛇\greedysnake\debug\greedysnake.ilk
f:\清华\大二上\数据结构\大作业1：贪吃蛇\greedysnake\debug\greedysnake.exe
f:\清华\大二上\数据结构\大作业1：贪吃蛇\greedysnake\debug\greedysnake.pdb
f:\清华\大二上\数据结构\大作业1：贪吃蛇\greedysnake\greedysnake\debug\greedysnake.res
f:\清华\大二上\数据结构\大作业1：贪吃蛇\greedysnake\greedysnake\debug\greedysnake.tlog\cl.command.1.tlog
f:\清华\大二上\数据结构\大作业1：贪吃蛇\greedysnake\greedysnake\debug\greedysnake.tlog\cl.read.1.tlog
f:\清华\大二上\数据结构\大作业1：贪吃蛇\greedysnake\greedysnake\debug\greedysnake.tlog\cl.write.1.tlog
f:\清华\大二上\数据结构\大作业1：贪吃蛇\greedysnake\greedysnake\debug\greedysnake.tlog\link.command.1.tlog
f:\清华\大二上\数据结构\大作业1：贪吃蛇\greedysnake\greedysnake\debug\greedysnake.tlog\link.read.1.tlog
f:\清华\大二上\数据结构\大作业1：贪吃蛇\greedysnake\greedysnake\debug\greedysnake.tlog\link.write.1.tlog
f:\清华\大二上\数据结构\大作业1：贪吃蛇\greedysnake\greedysnake\debug\greedysnake.tlog\rc.command.1.tlog
f:\清华\大二上\数据结构\大作业1：贪吃蛇\greedysnake\greedysnake\debug\greedysnake.tlog\rc.read.1.tlog
f:\清华\大二上\数据结构\大作业1：贪吃蛇\greedysnake\greedysnake\debug\greedysnake.tlog\rc.write.1.tlog
